# JRE version: 7.0_09-b05
# Java VM: Java HotSpot(TM) 64-Bit Server VM (23.5-b02 mixed mode windows-amd64 compressed oops)
Heap
 PSYoungGen      total 117312K, used 40012K [0x00000000f5560000, 0x0000000100000000, 0x0000000100000000)
  eden space 60160K, 63% used [0x00000000f5560000,0x00000000f7ae7040,0x00000000f9020000)
  from space 57152K, 2% used [0x00000000f9020000,0x00000000f91ac188,0x00000000fc7f0000)
  to   space 57088K, 0% used [0x00000000fc840000,0x00000000fc840000,0x0000000100000000)
 ParOldGen       total 258816K, used 158714K [0x00000000e0000000, 0x00000000efcc0000, 0x00000000f5560000)
  object space 258816K, 61% used [0x00000000e0000000,0x00000000e9afe9f0,0x00000000efcc0000)
 PSPermGen       total 69056K, used 39749K [0x00000000dae00000, 0x00000000df170000, 0x00000000e0000000)
  object space 69056K, 57% used [0x00000000dae00000,0x00000000dd4d1720,0x00000000df170000)
GC Heap History (10 events):
Event: 955.961 GC heap before
{Heap before GC invocations=13 (full 1):
 PSYoungGen      total 79296K, used 79293K [0x00000000f5560000, 0x00000000ffe40000, 0x0000000100000000)
  eden space 58240K, 100% used [0x00000000f5560000,0x00000000f8e40000,0x00000000f8e40000)
  from space 21056K, 99% used [0x00000000f8e40000,0x00000000fa2cf7b8,0x00000000fa2d0000)
  to   space 57344K, 0% used [0x00000000fc640000,0x00000000fc640000,0x00000000ffe40000)
 ParOldGen       total 234944K, used 184452K [0x00000000e0000000, 0x00000000ee570000, 0x00000000f5560000)
  object space 234944K, 78% used [0x00000000e0000000,0x00000000eb421088,0x00000000ee570000)
 PSPermGen       total 58112K, used 34100K [0x00000000dae00000, 0x00000000de6c0000, 0x00000000e0000000)
  object space 58112K, 58% used [0x00000000dae00000,0x00000000dcf4d2f8,0x00000000de6c0000)
Event: 955.983 GC heap after
Heap after GC invocations=13 (full 1):
 PSYoungGen      total 116288K, used 14080K [0x00000000f5560000, 0x0000000100000000, 0x0000000100000000)
  eden space 58944K, 0% used [0x00000000f5560000,0x00000000f5560000,0x00000000f8ef0000)
  from space 57344K, 24% used [0x00000000fc640000,0x00000000fd400060,0x00000000ffe40000)
  to   space 56640K, 0% used [0x00000000f8ef0000,0x00000000f8ef0000,0x00000000fc640000)
 ParOldGen       total 234944K, used 204927K [0x00000000e0000000, 0x00000000ee570000, 0x00000000f5560000)
  object space 234944K, 87% used [0x00000000e0000000,0x00000000ec81ff78,0x00000000ee570000)
 PSPermGen       total 58112K, used 34100K [0x00000000dae00000, 0x00000000de6c0000, 0x00000000e0000000)
  object space 58112K, 58% used [0x00000000dae00000,0x00000000dcf4d2f8,0x00000000de6c0000)
}
Event: 955.983 GC heap before
{Heap before GC invocations=14 (full 2):
 PSYoungGen      total 116288K, used 14080K [0x00000000f5560000, 0x0000000100000000, 0x0000000100000000)
  eden space 58944K, 0% used [0x00000000f5560000,0x00000000f5560000,0x00000000f8ef0000)
  from space 57344K, 24% used [0x00000000fc640000,0x00000000fd400060,0x00000000ffe40000)
  to   space 56640K, 0% used [0x00000000f8ef0000,0x00000000f8ef0000,0x00000000fc640000)
 ParOldGen       total 234944K, used 204927K [0x00000000e0000000, 0x00000000ee570000, 0x00000000f5560000)
  object space 234944K, 87% used [0x00000000e0000000,0x00000000ec81ff78,0x00000000ee570000)
 PSPermGen       total 58112K, used 34100K [0x00000000dae00000, 0x00000000de6c0000, 0x00000000e0000000)
  object space 58112K, 58% used [0x00000000dae00000,0x00000000dcf4d2f8,0x00000000de6c0000)
Event: 956.255 GC heap after
Heap after GC invocations=14 (full 2):
 PSYoungGen      total 116288K, used 0K [0x00000000f5560000, 0x0000000100000000, 0x0000000100000000)
  eden space 58944K, 0% used [0x00000000f5560000,0x00000000f5560000,0x00000000f8ef0000)
  from space 57344K, 0% used [0x00000000fc640000,0x00000000fc640000,0x00000000ffe40000)
  to   space 56640K, 0% used [0x00000000f8ef0000,0x00000000f8ef0000,0x00000000fc640000)
 ParOldGen       total 258816K, used 149783K [0x00000000e0000000, 0x00000000efcc0000, 0x00000000f5560000)
  object space 258816K, 57% used [0x00000000e0000000,0x00000000e9245c70,0x00000000efcc0000)
 PSPermGen       total 69056K, used 34087K [0x00000000dae00000, 0x00000000df170000, 0x00000000e0000000)
  object space 69056K, 49% used [0x00000000dae00000,0x00000000dcf49eb8,0x00000000df170000)
}
Event: 956.864 GC heap before
{Heap before GC invocations=15 (full 2):
 PSYoungGen      total 116288K, used 58944K [0x00000000f5560000, 0x0000000100000000, 0x0000000100000000)
  eden space 58944K, 100% used [0x00000000f5560000,0x00000000f8ef0000,0x00000000f8ef0000)
  from space 57344K, 0% used [0x00000000fc640000,0x00000000fc640000,0x00000000ffe40000)
  to   space 56640K, 0% used [0x00000000f8ef0000,0x00000000f8ef0000,0x00000000fc640000)
 ParOldGen       total 258816K, used 149783K [0x00000000e0000000, 0x00000000efcc0000, 0x00000000f5560000)
  object space 258816K, 57% used [0x00000000e0000000,0x00000000e9245c70,0x00000000efcc0000)
 PSPermGen       total 69056K, used 35114K [0x00000000dae00000, 0x00000000df170000, 0x00000000e0000000)
  object space 69056K, 50% used [0x00000000dae00000,0x00000000dd04a8b0,0x00000000df170000)
Event: 956.871 GC heap after
Heap after GC invocations=15 (full 2):
 PSYoungGen      total 115584K, used 8153K [0x00000000f5560000, 0x00000000fff30000, 0x0000000100000000)
  eden space 58944K, 0% used [0x00000000f5560000,0x00000000f5560000,0x00000000f8ef0000)
  from space 56640K, 14% used [0x00000000f8ef0000,0x00000000f96e6570,0x00000000fc640000)
  to   space 56576K, 0% used [0x00000000fc7f0000,0x00000000fc7f0000,0x00000000fff30000)
 ParOldGen       total 258816K, used 149783K [0x00000000e0000000, 0x00000000efcc0000, 0x00000000f5560000)
  object space 258816K, 57% used [0x00000000e0000000,0x00000000e9245c70,0x00000000efcc0000)
 PSPermGen       total 69056K, used 35114K [0x00000000dae00000, 0x00000000df170000, 0x00000000e0000000)
  object space 69056K, 50% used [0x00000000dae00000,0x00000000dd04a8b0,0x00000000df170000)
}
Event: 963.045 GC heap before
{Heap before GC invocations=16 (full 2):
 PSYoungGen      total 115584K, used 67097K [0x00000000f5560000, 0x00000000fff30000, 0x0000000100000000)
  eden space 58944K, 100% used [0x00000000f5560000,0x00000000f8ef0000,0x00000000f8ef0000)
  from space 56640K, 14% used [0x00000000f8ef0000,0x00000000f96e6570,0x00000000fc640000)
  to   space 56576K, 0% used [0x00000000fc7f0000,0x00000000fc7f0000,0x00000000fff30000)
 ParOldGen       total 258816K, used 149783K [0x00000000e0000000, 0x00000000efcc0000, 0x00000000f5560000)
  object space 258816K, 57% used [0x00000000e0000000,0x00000000e9245c70,0x00000000efcc0000)
 PSPermGen       total 69056K, used 37251K [0x00000000dae00000, 0x00000000df170000, 0x00000000e0000000)
  object space 69056K, 53% used [0x00000000dae00000,0x00000000dd260e18,0x00000000df170000)
Event: 963.058 GC heap after
Heap after GC invocations=16 (full 2):
 PSYoungGen      total 116736K, used 1681K [0x00000000f5560000, 0x0000000100000000, 0x0000000100000000)
  eden space 60160K, 0% used [0x00000000f5560000,0x00000000f5560000,0x00000000f9020000)
  from space 56576K, 2% used [0x00000000fc7f0000,0x00000000fc9945d0,0x00000000fff30000)
  to   space 57152K, 0% used [0x00000000f9020000,0x00000000f9020000,0x00000000fc7f0000)
 ParOldGen       total 258816K, used 157775K [0x00000000e0000000, 0x00000000efcc0000, 0x00000000f5560000)
  object space 258816K, 60% used [0x00000000e0000000,0x00000000e9a13cf0,0x00000000efcc0000)
 PSPermGen       total 69056K, used 37251K [0x00000000dae00000, 0x00000000df170000, 0x00000000e0000000)
  object space 69056K, 53% used [0x00000000dae00000,0x00000000dd260e18,0x00000000df170000)
}
Event: 968.749 GC heap before
{Heap before GC invocations=17 (full 2):
 PSYoungGen      total 116736K, used 61841K [0x00000000f5560000, 0x0000000100000000, 0x0000000100000000)
  eden space 60160K, 100% used [0x00000000f5560000,0x00000000f9020000,0x00000000f9020000)
  from space 56576K, 2% used [0x00000000fc7f0000,0x00000000fc9945d0,0x00000000fff30000)
  to   space 57152K, 0% used [0x00000000f9020000,0x00000000f9020000,0x00000000fc7f0000)
 ParOldGen       total 258816K, used 157775K [0x00000000e0000000, 0x00000000efcc0000, 0x00000000f5560000)
  object space 258816K, 60% used [0x00000000e0000000,0x00000000e9a13cf0,0x00000000efcc0000)
 PSPermGen       total 69056K, used 38679K [0x00000000dae00000, 0x00000000df170000, 0x00000000e0000000)
  object space 69056K, 56% used [0x00000000dae00000,0x00000000dd3c5da0,0x00000000df170000)
Event: 968.752 GC heap after
Heap after GC invocations=17 (full 2):
 PSYoungGen      total 117312K, used 1584K [0x00000000f5560000, 0x0000000100000000, 0x0000000100000000)
  eden space 60160K, 0% used [0x00000000f5560000,0x00000000f5560000,0x00000000f9020000)
  from space 57152K, 2% used [0x00000000f9020000,0x00000000f91ac188,0x00000000fc7f0000)
  to   space 57088K, 0% used [0x00000000fc840000,0x00000000fc840000,0x0000000100000000)
 ParOldGen       total 258816K, used 158714K [0x00000000e0000000, 0x00000000efcc0000, 0x00000000f5560000)
  object space 258816K, 61% used [0x00000000e0000000,0x00000000e9afe9f0,0x00000000efcc0000)
 PSPermGen       total 69056K, used 38679K [0x00000000dae00000, 0x00000000df170000, 0x00000000e0000000)
  object space 69056K, 56% used [0x00000000dae00000,0x00000000dd3c5da0,0x00000000df170000)
}

